{"/Users/worawud/pokdeng/deck/deck.js": {"path":"/Users/worawud/pokdeng/deck/deck.js","statementMap":{"0":{"start":{"line":4,"column":4},"end":{"line":20,"column":5}},"1":{"start":{"line":5,"column":19},"end":{"line":5,"column":20}},"2":{"start":{"line":6,"column":8},"end":{"line":17,"column":9}},"3":{"start":{"line":6,"column":21},"end":{"line":6,"column":22}},"4":{"start":{"line":7,"column":12},"end":{"line":10,"column":13}},"5":{"start":{"line":7,"column":25},"end":{"line":7,"column":26}},"6":{"start":{"line":8,"column":16},"end":{"line":8,"column":47}},"7":{"start":{"line":9,"column":16},"end":{"line":9,"column":22}},"8":{"start":{"line":11,"column":12},"end":{"line":15,"column":13}},"9":{"start":{"line":11,"column":25},"end":{"line":11,"column":26}},"10":{"start":{"line":12,"column":16},"end":{"line":12,"column":47}},"11":{"start":{"line":13,"column":16},"end":{"line":13,"column":22}},"12":{"start":{"line":16,"column":12},"end":{"line":16,"column":37}},"13":{"start":{"line":19,"column":8},"end":{"line":19,"column":51}},"14":{"start":{"line":24,"column":4},"end":{"line":37,"column":5}},"15":{"start":{"line":25,"column":8},"end":{"line":27,"column":9}},"16":{"start":{"line":26,"column":12},"end":{"line":26,"column":67}},"17":{"start":{"line":29,"column":8},"end":{"line":34,"column":9}},"18":{"start":{"line":29,"column":21},"end":{"line":29,"column":22}},"19":{"start":{"line":30,"column":30},"end":{"line":30,"column":71}},"20":{"start":{"line":31,"column":28},"end":{"line":31,"column":35}},"21":{"start":{"line":32,"column":12},"end":{"line":32,"column":39}},"22":{"start":{"line":33,"column":12},"end":{"line":33,"column":41}},"23":{"start":{"line":36,"column":8},"end":{"line":36,"column":54}},"24":{"start":{"line":42,"column":4},"end":{"line":58,"column":5}},"25":{"start":{"line":43,"column":19},"end":{"line":43,"column":21}},"26":{"start":{"line":44,"column":27},"end":{"line":44,"column":64}},"27":{"start":{"line":45,"column":28},"end":{"line":45,"column":107}},"28":{"start":{"line":47,"column":8},"end":{"line":54,"column":9}},"29":{"start":{"line":47,"column":21},"end":{"line":47,"column":22}},"30":{"start":{"line":48,"column":12},"end":{"line":53,"column":13}},"31":{"start":{"line":48,"column":25},"end":{"line":48,"column":26}},"32":{"start":{"line":49,"column":16},"end":{"line":52,"column":18}},"33":{"start":{"line":55,"column":8},"end":{"line":55,"column":19}},"34":{"start":{"line":57,"column":8},"end":{"line":57,"column":51}},"35":{"start":{"line":62,"column":0},"end":{"line":62,"column":53}}},"fnMap":{"0":{"name":"DrawCard","decl":{"start":{"line":3,"column":9},"end":{"line":3,"column":17}},"loc":{"start":{"line":3,"column":40},"end":{"line":21,"column":1}},"line":3},"1":{"name":"ShuffleDeck","decl":{"start":{"line":23,"column":9},"end":{"line":23,"column":20}},"loc":{"start":{"line":23,"column":27},"end":{"line":38,"column":1}},"line":23},"2":{"name":"DeckCard","decl":{"start":{"line":41,"column":9},"end":{"line":41,"column":17}},"loc":{"start":{"line":41,"column":20},"end":{"line":59,"column":1}},"line":41}},"branchMap":{"0":{"loc":{"start":{"line":25,"column":8},"end":{"line":27,"column":9}},"type":"if","locations":[{"start":{"line":25,"column":8},"end":{"line":27,"column":9}},{"start":{},"end":{}}],"line":25},"1":{"loc":{"start":{"line":51,"column":34},"end":{"line":51,"column":65}},"type":"cond-expr","locations":[{"start":{"line":51,"column":43},"end":{"line":51,"column":44}},{"start":{"line":51,"column":47},"end":{"line":51,"column":65}}],"line":51},"2":{"loc":{"start":{"line":51,"column":47},"end":{"line":51,"column":65}},"type":"cond-expr","locations":[{"start":{"line":51,"column":56},"end":{"line":51,"column":57}},{"start":{"line":51,"column":60},"end":{"line":51,"column":65}}],"line":51}},"s":{"0":0,"1":0,"2":0,"3":0,"4":0,"5":0,"6":0,"7":0,"8":0,"9":0,"10":0,"11":0,"12":0,"13":0,"14":0,"15":0,"16":0,"17":0,"18":0,"19":0,"20":0,"21":0,"22":0,"23":0,"24":1,"25":1,"26":1,"27":1,"28":1,"29":1,"30":4,"31":4,"32":52,"33":1,"34":0,"35":1},"f":{"0":0,"1":0,"2":1},"b":{"0":[0,0],"1":[4,48],"2":[16,32]},"_coverageSchema":"1a1c01bbd47fc00a2c39e90264f33305004495a9","hash":"faf02a96f054d3f168ed7bf6d4609d19cd5a1303"}
}
